# JRE version: OpenJDK Runtime Environment Microsoft-8902769 (17.0.10+7) (build 17.0.10+7-LTS)
# Java VM: OpenJDK 64-Bit Server VM Microsoft-8902769 (17.0.10+7-LTS, mixed mode, sharing, tiered, compressed oops, compressed class ptrs, g1 gc, windows-amd64)
GC Precious Log:
 CPUs: 12 total, 12 available
 Memory: 15764M
 Large Page Support: Disabled
 NUMA Support: Disabled
 Compressed Oops: Enabled (32-bit)
 Heap Region Size: 1M
 Heap Min Capacity: 8M
 Heap Initial Capacity: 248M
 Heap Max Capacity: 2G
 Pre-touch: Disabled
 Parallel Workers: 10
 Concurrent Workers: 3
 Concurrent Refinement Workers: 10
 Periodic GC: Disabled
Heap:
 garbage-first heap   total 291840K, used 214095K [0x0000000080000000, 0x0000000100000000)
  region size 1024K, 115 young (117760K), 2 survivors (2048K)
 Metaspace       used 92674K, committed 93696K, reserved 557056K
  class space    used 13157K, committed 13632K, reserved 425984K
GC Heap History (20 events):
Event: 14.472 GC heap before
{Heap before GC invocations=39 (full 0):
 garbage-first heap   total 168960K, used 116128K [0x0000000080000000, 0x0000000100000000)
  region size 1024K, 32 young (32768K), 1 survivors (1024K)
 Metaspace       used 73004K, committed 73856K, reserved 491520K
  class space    used 10326K, committed 10752K, reserved 425984K
}
Event: 14.474 GC heap after
{Heap after GC invocations=40 (full 0):
 garbage-first heap   total 168960K, used 86228K [0x0000000080000000, 0x0000000100000000)
  region size 1024K, 2 young (2048K), 2 survivors (2048K)
 Metaspace       used 73004K, committed 73856K, reserved 491520K
  class space    used 10326K, committed 10752K, reserved 425984K
}
Event: 14.956 GC heap before
{Heap before GC invocations=41 (full 0):
 garbage-first heap   total 168960K, used 127188K [0x0000000080000000, 0x0000000100000000)
  region size 1024K, 36 young (36864K), 2 survivors (2048K)
 Metaspace       used 75401K, committed 76224K, reserved 557056K
  class space    used 10633K, committed 11008K, reserved 425984K
}
Event: 14.959 GC heap after
{Heap after GC invocations=42 (full 0):
 garbage-first heap   total 168960K, used 90310K [0x0000000080000000, 0x0000000100000000)
  region size 1024K, 5 young (5120K), 5 survivors (5120K)
 Metaspace       used 75401K, committed 76224K, reserved 557056K
  class space    used 10633K, committed 11008K, reserved 425984K
}
Event: 15.019 GC heap before
{Heap before GC invocations=42 (full 0):
 garbage-first heap   total 168960K, used 92358K [0x0000000080000000, 0x0000000100000000)
  region size 1024K, 8 young (8192K), 5 survivors (5120K)
 Metaspace       used 75644K, committed 76480K, reserved 557056K
  class space    used 10657K, committed 11072K, reserved 425984K
}
Event: 15.022 GC heap after
{Heap after GC invocations=43 (full 0):
 garbage-first heap   total 168960K, used 90546K [0x0000000080000000, 0x0000000100000000)
  region size 1024K, 1 young (1024K), 1 survivors (1024K)
 Metaspace       used 75644K, committed 76480K, reserved 557056K
  class space    used 10657K, committed 11072K, reserved 425984K
}
Event: 15.967 GC heap before
{Heap before GC invocations=43 (full 0):
 garbage-first heap   total 168960K, used 125362K [0x0000000080000000, 0x0000000100000000)
  region size 1024K, 35 young (35840K), 1 survivors (1024K)
 Metaspace       used 78038K, committed 78848K, reserved 557056K
  class space    used 10964K, committed 11392K, reserved 425984K
}
Event: 15.970 GC heap after
{Heap after GC invocations=44 (full 0):
 garbage-first heap   total 168960K, used 91730K [0x0000000080000000, 0x0000000100000000)
  region size 1024K, 2 young (2048K), 2 survivors (2048K)
 Metaspace       used 78038K, committed 78848K, reserved 557056K
  class space    used 10964K, committed 11392K, reserved 425984K
}
Event: 16.387 GC heap before
{Heap before GC invocations=45 (full 0):
 garbage-first heap   total 168960K, used 129618K [0x0000000080000000, 0x0000000100000000)
  region size 1024K, 39 young (39936K), 2 survivors (2048K)
 Metaspace       used 80904K, committed 81792K, reserved 557056K
  class space    used 11356K, committed 11776K, reserved 425984K
}
Event: 16.390 GC heap after
{Heap after GC invocations=46 (full 0):
 garbage-first heap   total 168960K, used 93040K [0x0000000080000000, 0x0000000100000000)
  region size 1024K, 4 young (4096K), 4 survivors (4096K)
 Metaspace       used 80904K, committed 81792K, reserved 557056K
  class space    used 11356K, committed 11776K, reserved 425984K
}
Event: 16.431 GC heap before
{Heap before GC invocations=46 (full 0):
 garbage-first heap   total 168960K, used 97136K [0x0000000080000000, 0x0000000100000000)
  region size 1024K, 8 young (8192K), 4 survivors (4096K)
 Metaspace       used 81085K, committed 81920K, reserved 557056K
  class space    used 11379K, committed 11776K, reserved 425984K
}
Event: 16.433 GC heap after
{Heap after GC invocations=47 (full 0):
 garbage-first heap   total 168960K, used 93268K [0x0000000080000000, 0x0000000100000000)
  region size 1024K, 1 young (1024K), 1 survivors (1024K)
 Metaspace       used 81085K, committed 81920K, reserved 557056K
  class space    used 11379K, committed 11776K, reserved 425984K
}
Event: 16.751 GC heap before
{Heap before GC invocations=47 (full 0):
 garbage-first heap   total 168960K, used 132180K [0x0000000080000000, 0x0000000100000000)
  region size 1024K, 39 young (39936K), 1 survivors (1024K)
 Metaspace       used 83311K, committed 84096K, reserved 557056K
  class space    used 11693K, committed 12096K, reserved 425984K
}
Event: 16.755 GC heap after
{Heap after GC invocations=48 (full 0):
 garbage-first heap   total 168960K, used 95215K [0x0000000080000000, 0x0000000100000000)
  region size 1024K, 3 young (3072K), 3 survivors (3072K)
 Metaspace       used 83311K, committed 84096K, reserved 557056K
  class space    used 11693K, committed 12096K, reserved 425984K
}
Event: 21.646 GC heap before
{Heap before GC invocations=49 (full 0):
 garbage-first heap   total 176128K, used 133103K [0x0000000080000000, 0x0000000100000000)
  region size 1024K, 40 young (40960K), 3 survivors (3072K)
 Metaspace       used 83661K, committed 84544K, reserved 557056K
  class space    used 11744K, committed 12160K, reserved 425984K
}
Event: 21.649 GC heap after
{Heap after GC invocations=50 (full 0):
 garbage-first heap   total 176128K, used 98094K [0x0000000080000000, 0x0000000100000000)
  region size 1024K, 5 young (5120K), 5 survivors (5120K)
 Metaspace       used 83661K, committed 84544K, reserved 557056K
  class space    used 11744K, committed 12160K, reserved 425984K
}
Event: 21.735 GC heap before
{Heap before GC invocations=50 (full 0):
 garbage-first heap   total 176128K, used 100142K [0x0000000080000000, 0x0000000100000000)
  region size 1024K, 8 young (8192K), 5 survivors (5120K)
 Metaspace       used 83856K, committed 84800K, reserved 557056K
  class space    used 11768K, committed 12224K, reserved 425984K
}
Event: 21.740 GC heap after
{Heap after GC invocations=51 (full 0):
 garbage-first heap   total 176128K, used 98687K [0x0000000080000000, 0x0000000100000000)
  region size 1024K, 1 young (1024K), 1 survivors (1024K)
 Metaspace       used 83856K, committed 84800K, reserved 557056K
  class space    used 11768K, committed 12224K, reserved 425984K
}
Event: 22.398 GC heap before
{Heap before GC invocations=51 (full 0):
 garbage-first heap   total 176128K, used 141695K [0x0000000080000000, 0x0000000100000000)
  region size 1024K, 43 young (44032K), 1 survivors (1024K)
 Metaspace       used 86578K, committed 87488K, reserved 557056K
  class space    used 12157K, committed 12608K, reserved 425984K
}
Event: 22.401 GC heap after
{Heap after GC invocations=52 (full 0):
 garbage-first heap   total 291840K, used 99407K [0x0000000080000000, 0x0000000100000000)
  region size 1024K, 2 young (2048K), 2 survivors (2048K)
 Metaspace       used 86578K, committed 87488K, reserved 557056K
  class space    used 12157K, committed 12608K, reserved 425984K
}

